[Date:2020-11-20 13:30:31,397] [ThreadId:1] [HostName:user1043] [Host:(null)] [ClientIP:(null)] [Browser:(null)] [UserAgent:(null)] [PhysicalPath:(null)] [Url:(null)] [QueryString:(null)] [Referrer:(null)] [AEPLCore.Logging.LogUpdater] Application - Main is invoked
[Date:2020-11-20 13:30:31,486] [ThreadId:1] [HostName:user1043] [Host:(null)] [ClientIP:(null)] [Browser:(null)] [UserAgent:(null)] [PhysicalPath:(null)] [Url:(null)] [QueryString:(null)] [Referrer:(null)] [AEPLCore.Logging.LogUpdater] Changing root log level to error
[Date:2020-11-20 13:30:31,803] [ThreadId:5] [HostName:user1043] [Host:(null)] [ClientIP:(null)] [Browser:(null)] [UserAgent:(null)] [PhysicalPath:(null)] [Url:(null)] [QueryString:(null)] [Referrer:(null)] [AEPLCore.Logging.LogUpdater] Array cannot be null. (Parameter 'bytes')
System.ArgumentNullException: Array cannot be null. (Parameter 'bytes')
   at System.Text.Encoding.GetString(Byte[] bytes)
   at AEPLCore.Logging.LogUpdater.SelectedLogUpdate(String[] keyList, Hierarchy repo, HashSet`1 deletedLoggerList)
[Date:2020-11-20 13:35:32,060] [ThreadId:20] [HostName:user1043] [Host:(null)] [ClientIP:(null)] [Browser:(null)] [UserAgent:(null)] [PhysicalPath:(null)] [Url:(null)] [QueryString:(null)] [Referrer:(null)] [AEPLCore.Logging.LogUpdater] Array cannot be null. (Parameter 'bytes')
System.ArgumentNullException: Array cannot be null. (Parameter 'bytes')
   at System.Text.Encoding.GetString(Byte[] bytes)
   at AEPLCore.Logging.LogUpdater.SelectedLogUpdate(String[] keyList, Hierarchy repo, HashSet`1 deletedLoggerList)
[Date:2020-11-20 13:40:32,303] [ThreadId:20] [HostName:user1043] [Host:(null)] [ClientIP:(null)] [Browser:(null)] [UserAgent:(null)] [PhysicalPath:(null)] [Url:(null)] [QueryString:(null)] [Referrer:(null)] [AEPLCore.Logging.LogUpdater] Array cannot be null. (Parameter 'bytes')
System.ArgumentNullException: Array cannot be null. (Parameter 'bytes')
   at System.Text.Encoding.GetString(Byte[] bytes)
   at AEPLCore.Logging.LogUpdater.SelectedLogUpdate(String[] keyList, Hierarchy repo, HashSet`1 deletedLoggerList)
[Date:2020-11-20 13:45:32,486] [ThreadId:20] [HostName:user1043] [Host:(null)] [ClientIP:(null)] [Browser:(null)] [UserAgent:(null)] [PhysicalPath:(null)] [Url:(null)] [QueryString:(null)] [Referrer:(null)] [AEPLCore.Logging.LogUpdater] Array cannot be null. (Parameter 'bytes')
System.ArgumentNullException: Array cannot be null. (Parameter 'bytes')
   at System.Text.Encoding.GetString(Byte[] bytes)
   at AEPLCore.Logging.LogUpdater.SelectedLogUpdate(String[] keyList, Hierarchy repo, HashSet`1 deletedLoggerList)
[Date:2020-11-20 13:50:32,716] [ThreadId:20] [HostName:user1043] [Host:(null)] [ClientIP:(null)] [Browser:(null)] [UserAgent:(null)] [PhysicalPath:(null)] [Url:(null)] [QueryString:(null)] [Referrer:(null)] [AEPLCore.Logging.LogUpdater] Array cannot be null. (Parameter 'bytes')
System.ArgumentNullException: Array cannot be null. (Parameter 'bytes')
   at System.Text.Encoding.GetString(Byte[] bytes)
   at AEPLCore.Logging.LogUpdater.SelectedLogUpdate(String[] keyList, Hierarchy repo, HashSet`1 deletedLoggerList)
[Date:2020-11-20 13:55:32,940] [ThreadId:20] [HostName:user1043] [Host:(null)] [ClientIP:(null)] [Browser:(null)] [UserAgent:(null)] [PhysicalPath:(null)] [Url:(null)] [QueryString:(null)] [Referrer:(null)] [AEPLCore.Logging.LogUpdater] Array cannot be null. (Parameter 'bytes')
System.ArgumentNullException: Array cannot be null. (Parameter 'bytes')
   at System.Text.Encoding.GetString(Byte[] bytes)
   at AEPLCore.Logging.LogUpdater.SelectedLogUpdate(String[] keyList, Hierarchy repo, HashSet`1 deletedLoggerList)
[Date:2020-11-20 14:00:33,161] [ThreadId:20] [HostName:user1043] [Host:(null)] [ClientIP:(null)] [Browser:(null)] [UserAgent:(null)] [PhysicalPath:(null)] [Url:(null)] [QueryString:(null)] [Referrer:(null)] [AEPLCore.Logging.LogUpdater] Array cannot be null. (Parameter 'bytes')
System.ArgumentNullException: Array cannot be null. (Parameter 'bytes')
   at System.Text.Encoding.GetString(Byte[] bytes)
   at AEPLCore.Logging.LogUpdater.SelectedLogUpdate(String[] keyList, Hierarchy repo, HashSet`1 deletedLoggerList)
[Date:2020-11-20 14:05:33,353] [ThreadId:20] [HostName:user1043] [Host:(null)] [ClientIP:(null)] [Browser:(null)] [UserAgent:(null)] [PhysicalPath:(null)] [Url:(null)] [QueryString:(null)] [Referrer:(null)] [AEPLCore.Logging.LogUpdater] Array cannot be null. (Parameter 'bytes')
System.ArgumentNullException: Array cannot be null. (Parameter 'bytes')
   at System.Text.Encoding.GetString(Byte[] bytes)
   at AEPLCore.Logging.LogUpdater.SelectedLogUpdate(String[] keyList, Hierarchy repo, HashSet`1 deletedLoggerList)
[Date:2020-11-20 14:10:33,565] [ThreadId:20] [HostName:user1043] [Host:(null)] [ClientIP:(null)] [Browser:(null)] [UserAgent:(null)] [PhysicalPath:(null)] [Url:(null)] [QueryString:(null)] [Referrer:(null)] [AEPLCore.Logging.LogUpdater] Array cannot be null. (Parameter 'bytes')
System.ArgumentNullException: Array cannot be null. (Parameter 'bytes')
   at System.Text.Encoding.GetString(Byte[] bytes)
   at AEPLCore.Logging.LogUpdater.SelectedLogUpdate(String[] keyList, Hierarchy repo, HashSet`1 deletedLoggerList)
[Date:2020-11-20 14:15:33,773] [ThreadId:20] [HostName:user1043] [Host:(null)] [ClientIP:(null)] [Browser:(null)] [UserAgent:(null)] [PhysicalPath:(null)] [Url:(null)] [QueryString:(null)] [Referrer:(null)] [AEPLCore.Logging.LogUpdater] Array cannot be null. (Parameter 'bytes')
System.ArgumentNullException: Array cannot be null. (Parameter 'bytes')
   at System.Text.Encoding.GetString(Byte[] bytes)
   at AEPLCore.Logging.LogUpdater.SelectedLogUpdate(String[] keyList, Hierarchy repo, HashSet`1 deletedLoggerList)
[Date:2020-11-20 14:20:33,984] [ThreadId:20] [HostName:user1043] [Host:(null)] [ClientIP:(null)] [Browser:(null)] [UserAgent:(null)] [PhysicalPath:(null)] [Url:(null)] [QueryString:(null)] [Referrer:(null)] [AEPLCore.Logging.LogUpdater] Array cannot be null. (Parameter 'bytes')
System.ArgumentNullException: Array cannot be null. (Parameter 'bytes')
   at System.Text.Encoding.GetString(Byte[] bytes)
   at AEPLCore.Logging.LogUpdater.SelectedLogUpdate(String[] keyList, Hierarchy repo, HashSet`1 deletedLoggerList)
[Date:2020-11-20 14:25:34,189] [ThreadId:39] [HostName:user1043] [Host:(null)] [ClientIP:(null)] [Browser:(null)] [UserAgent:(null)] [PhysicalPath:(null)] [Url:(null)] [QueryString:(null)] [Referrer:(null)] [AEPLCore.Logging.LogUpdater] Array cannot be null. (Parameter 'bytes')
System.ArgumentNullException: Array cannot be null. (Parameter 'bytes')
   at System.Text.Encoding.GetString(Byte[] bytes)
   at AEPLCore.Logging.LogUpdater.SelectedLogUpdate(String[] keyList, Hierarchy repo, HashSet`1 deletedLoggerList)
[Date:2020-11-20 14:30:34,355] [ThreadId:39] [HostName:user1043] [Host:(null)] [ClientIP:(null)] [Browser:(null)] [UserAgent:(null)] [PhysicalPath:(null)] [Url:(null)] [QueryString:(null)] [Referrer:(null)] [AEPLCore.Logging.LogUpdater] Array cannot be null. (Parameter 'bytes')
System.ArgumentNullException: Array cannot be null. (Parameter 'bytes')
   at System.Text.Encoding.GetString(Byte[] bytes)
   at AEPLCore.Logging.LogUpdater.SelectedLogUpdate(String[] keyList, Hierarchy repo, HashSet`1 deletedLoggerList)
[Date:2020-11-20 14:35:34,557] [ThreadId:39] [HostName:user1043] [Host:(null)] [ClientIP:(null)] [Browser:(null)] [UserAgent:(null)] [PhysicalPath:(null)] [Url:(null)] [QueryString:(null)] [Referrer:(null)] [AEPLCore.Logging.LogUpdater] Array cannot be null. (Parameter 'bytes')
System.ArgumentNullException: Array cannot be null. (Parameter 'bytes')
   at System.Text.Encoding.GetString(Byte[] bytes)
   at AEPLCore.Logging.LogUpdater.SelectedLogUpdate(String[] keyList, Hierarchy repo, HashSet`1 deletedLoggerList)
[Date:2020-11-20 14:40:34,754] [ThreadId:39] [HostName:user1043] [Host:(null)] [ClientIP:(null)] [Browser:(null)] [UserAgent:(null)] [PhysicalPath:(null)] [Url:(null)] [QueryString:(null)] [Referrer:(null)] [AEPLCore.Logging.LogUpdater] Array cannot be null. (Parameter 'bytes')
System.ArgumentNullException: Array cannot be null. (Parameter 'bytes')
   at System.Text.Encoding.GetString(Byte[] bytes)
   at AEPLCore.Logging.LogUpdater.SelectedLogUpdate(String[] keyList, Hierarchy repo, HashSet`1 deletedLoggerList)
[Date:2020-11-20 14:45:34,965] [ThreadId:39] [HostName:user1043] [Host:(null)] [ClientIP:(null)] [Browser:(null)] [UserAgent:(null)] [PhysicalPath:(null)] [Url:(null)] [QueryString:(null)] [Referrer:(null)] [AEPLCore.Logging.LogUpdater] Array cannot be null. (Parameter 'bytes')
System.ArgumentNullException: Array cannot be null. (Parameter 'bytes')
   at System.Text.Encoding.GetString(Byte[] bytes)
   at AEPLCore.Logging.LogUpdater.SelectedLogUpdate(String[] keyList, Hierarchy repo, HashSet`1 deletedLoggerList)
[Date:2020-11-20 14:50:35,181] [ThreadId:39] [HostName:user1043] [Host:(null)] [ClientIP:(null)] [Browser:(null)] [UserAgent:(null)] [PhysicalPath:(null)] [Url:(null)] [QueryString:(null)] [Referrer:(null)] [AEPLCore.Logging.LogUpdater] Array cannot be null. (Parameter 'bytes')
System.ArgumentNullException: Array cannot be null. (Parameter 'bytes')
   at System.Text.Encoding.GetString(Byte[] bytes)
   at AEPLCore.Logging.LogUpdater.SelectedLogUpdate(String[] keyList, Hierarchy repo, HashSet`1 deletedLoggerList)
[Date:2020-11-20 14:55:35,385] [ThreadId:39] [HostName:user1043] [Host:(null)] [ClientIP:(null)] [Browser:(null)] [UserAgent:(null)] [PhysicalPath:(null)] [Url:(null)] [QueryString:(null)] [Referrer:(null)] [AEPLCore.Logging.LogUpdater] Array cannot be null. (Parameter 'bytes')
System.ArgumentNullException: Array cannot be null. (Parameter 'bytes')
   at System.Text.Encoding.GetString(Byte[] bytes)
   at AEPLCore.Logging.LogUpdater.SelectedLogUpdate(String[] keyList, Hierarchy repo, HashSet`1 deletedLoggerList)
[Date:2020-11-20 15:00:35,620] [ThreadId:39] [HostName:user1043] [Host:(null)] [ClientIP:(null)] [Browser:(null)] [UserAgent:(null)] [PhysicalPath:(null)] [Url:(null)] [QueryString:(null)] [Referrer:(null)] [AEPLCore.Logging.LogUpdater] Array cannot be null. (Parameter 'bytes')
System.ArgumentNullException: Array cannot be null. (Parameter 'bytes')
   at System.Text.Encoding.GetString(Byte[] bytes)
   at AEPLCore.Logging.LogUpdater.SelectedLogUpdate(String[] keyList, Hierarchy repo, HashSet`1 deletedLoggerList)
[Date:2020-11-20 15:05:35,821] [ThreadId:39] [HostName:user1043] [Host:(null)] [ClientIP:(null)] [Browser:(null)] [UserAgent:(null)] [PhysicalPath:(null)] [Url:(null)] [QueryString:(null)] [Referrer:(null)] [AEPLCore.Logging.LogUpdater] Array cannot be null. (Parameter 'bytes')
System.ArgumentNullException: Array cannot be null. (Parameter 'bytes')
   at System.Text.Encoding.GetString(Byte[] bytes)
   at AEPLCore.Logging.LogUpdater.SelectedLogUpdate(String[] keyList, Hierarchy repo, HashSet`1 deletedLoggerList)
[Date:2020-11-20 15:10:36,050] [ThreadId:39] [HostName:user1043] [Host:(null)] [ClientIP:(null)] [Browser:(null)] [UserAgent:(null)] [PhysicalPath:(null)] [Url:(null)] [QueryString:(null)] [Referrer:(null)] [AEPLCore.Logging.LogUpdater] Array cannot be null. (Parameter 'bytes')
System.ArgumentNullException: Array cannot be null. (Parameter 'bytes')
   at System.Text.Encoding.GetString(Byte[] bytes)
   at AEPLCore.Logging.LogUpdater.SelectedLogUpdate(String[] keyList, Hierarchy repo, HashSet`1 deletedLoggerList)
[Date:2020-11-20 15:15:36,275] [ThreadId:39] [HostName:user1043] [Host:(null)] [ClientIP:(null)] [Browser:(null)] [UserAgent:(null)] [PhysicalPath:(null)] [Url:(null)] [QueryString:(null)] [Referrer:(null)] [AEPLCore.Logging.LogUpdater] Array cannot be null. (Parameter 'bytes')
System.ArgumentNullException: Array cannot be null. (Parameter 'bytes')
   at System.Text.Encoding.GetString(Byte[] bytes)
   at AEPLCore.Logging.LogUpdater.SelectedLogUpdate(String[] keyList, Hierarchy repo, HashSet`1 deletedLoggerList)
[Date:2020-11-20 15:20:36,505] [ThreadId:39] [HostName:user1043] [Host:(null)] [ClientIP:(null)] [Browser:(null)] [UserAgent:(null)] [PhysicalPath:(null)] [Url:(null)] [QueryString:(null)] [Referrer:(null)] [AEPLCore.Logging.LogUpdater] Array cannot be null. (Parameter 'bytes')
System.ArgumentNullException: Array cannot be null. (Parameter 'bytes')
   at System.Text.Encoding.GetString(Byte[] bytes)
   at AEPLCore.Logging.LogUpdater.SelectedLogUpdate(String[] keyList, Hierarchy repo, HashSet`1 deletedLoggerList)
[Date:2020-11-20 15:25:36,717] [ThreadId:39] [HostName:user1043] [Host:(null)] [ClientIP:(null)] [Browser:(null)] [UserAgent:(null)] [PhysicalPath:(null)] [Url:(null)] [QueryString:(null)] [Referrer:(null)] [AEPLCore.Logging.LogUpdater] Array cannot be null. (Parameter 'bytes')
System.ArgumentNullException: Array cannot be null. (Parameter 'bytes')
   at System.Text.Encoding.GetString(Byte[] bytes)
   at AEPLCore.Logging.LogUpdater.SelectedLogUpdate(String[] keyList, Hierarchy repo, HashSet`1 deletedLoggerList)
[Date:2020-11-20 15:30:36,912] [ThreadId:39] [HostName:user1043] [Host:(null)] [ClientIP:(null)] [Browser:(null)] [UserAgent:(null)] [PhysicalPath:(null)] [Url:(null)] [QueryString:(null)] [Referrer:(null)] [AEPLCore.Logging.LogUpdater] Array cannot be null. (Parameter 'bytes')
System.ArgumentNullException: Array cannot be null. (Parameter 'bytes')
   at System.Text.Encoding.GetString(Byte[] bytes)
   at AEPLCore.Logging.LogUpdater.SelectedLogUpdate(String[] keyList, Hierarchy repo, HashSet`1 deletedLoggerList)
[Date:2020-11-20 15:35:37,156] [ThreadId:39] [HostName:user1043] [Host:(null)] [ClientIP:(null)] [Browser:(null)] [UserAgent:(null)] [PhysicalPath:(null)] [Url:(null)] [QueryString:(null)] [Referrer:(null)] [AEPLCore.Logging.LogUpdater] Array cannot be null. (Parameter 'bytes')
System.ArgumentNullException: Array cannot be null. (Parameter 'bytes')
   at System.Text.Encoding.GetString(Byte[] bytes)
   at AEPLCore.Logging.LogUpdater.SelectedLogUpdate(String[] keyList, Hierarchy repo, HashSet`1 deletedLoggerList)
[Date:2020-11-20 15:40:37,385] [ThreadId:39] [HostName:user1043] [Host:(null)] [ClientIP:(null)] [Browser:(null)] [UserAgent:(null)] [PhysicalPath:(null)] [Url:(null)] [QueryString:(null)] [Referrer:(null)] [AEPLCore.Logging.LogUpdater] Array cannot be null. (Parameter 'bytes')
System.ArgumentNullException: Array cannot be null. (Parameter 'bytes')
   at System.Text.Encoding.GetString(Byte[] bytes)
   at AEPLCore.Logging.LogUpdater.SelectedLogUpdate(String[] keyList, Hierarchy repo, HashSet`1 deletedLoggerList)
[Date:2020-11-20 15:45:37,587] [ThreadId:39] [HostName:user1043] [Host:(null)] [ClientIP:(null)] [Browser:(null)] [UserAgent:(null)] [PhysicalPath:(null)] [Url:(null)] [QueryString:(null)] [Referrer:(null)] [AEPLCore.Logging.LogUpdater] Array cannot be null. (Parameter 'bytes')
System.ArgumentNullException: Array cannot be null. (Parameter 'bytes')
   at System.Text.Encoding.GetString(Byte[] bytes)
   at AEPLCore.Logging.LogUpdater.SelectedLogUpdate(String[] keyList, Hierarchy repo, HashSet`1 deletedLoggerList)
[Date:2020-11-20 15:50:37,814] [ThreadId:39] [HostName:user1043] [Host:(null)] [ClientIP:(null)] [Browser:(null)] [UserAgent:(null)] [PhysicalPath:(null)] [Url:(null)] [QueryString:(null)] [Referrer:(null)] [AEPLCore.Logging.LogUpdater] Array cannot be null. (Parameter 'bytes')
System.ArgumentNullException: Array cannot be null. (Parameter 'bytes')
   at System.Text.Encoding.GetString(Byte[] bytes)
   at AEPLCore.Logging.LogUpdater.SelectedLogUpdate(String[] keyList, Hierarchy repo, HashSet`1 deletedLoggerList)
[Date:2020-11-20 15:55:38,031] [ThreadId:39] [HostName:user1043] [Host:(null)] [ClientIP:(null)] [Browser:(null)] [UserAgent:(null)] [PhysicalPath:(null)] [Url:(null)] [QueryString:(null)] [Referrer:(null)] [AEPLCore.Logging.LogUpdater] Array cannot be null. (Parameter 'bytes')
System.ArgumentNullException: Array cannot be null. (Parameter 'bytes')
   at System.Text.Encoding.GetString(Byte[] bytes)
   at AEPLCore.Logging.LogUpdater.SelectedLogUpdate(String[] keyList, Hierarchy repo, HashSet`1 deletedLoggerList)
[Date:2020-11-20 16:00:38,252] [ThreadId:39] [HostName:user1043] [Host:(null)] [ClientIP:(null)] [Browser:(null)] [UserAgent:(null)] [PhysicalPath:(null)] [Url:(null)] [QueryString:(null)] [Referrer:(null)] [AEPLCore.Logging.LogUpdater] Array cannot be null. (Parameter 'bytes')
System.ArgumentNullException: Array cannot be null. (Parameter 'bytes')
   at System.Text.Encoding.GetString(Byte[] bytes)
   at AEPLCore.Logging.LogUpdater.SelectedLogUpdate(String[] keyList, Hierarchy repo, HashSet`1 deletedLoggerList)
[Date:2020-11-20 16:05:38,478] [ThreadId:39] [HostName:user1043] [Host:(null)] [ClientIP:(null)] [Browser:(null)] [UserAgent:(null)] [PhysicalPath:(null)] [Url:(null)] [QueryString:(null)] [Referrer:(null)] [AEPLCore.Logging.LogUpdater] Array cannot be null. (Parameter 'bytes')
System.ArgumentNullException: Array cannot be null. (Parameter 'bytes')
   at System.Text.Encoding.GetString(Byte[] bytes)
   at AEPLCore.Logging.LogUpdater.SelectedLogUpdate(String[] keyList, Hierarchy repo, HashSet`1 deletedLoggerList)
[Date:2020-11-20 16:10:38,705] [ThreadId:39] [HostName:user1043] [Host:(null)] [ClientIP:(null)] [Browser:(null)] [UserAgent:(null)] [PhysicalPath:(null)] [Url:(null)] [QueryString:(null)] [Referrer:(null)] [AEPLCore.Logging.LogUpdater] Array cannot be null. (Parameter 'bytes')
System.ArgumentNullException: Array cannot be null. (Parameter 'bytes')
   at System.Text.Encoding.GetString(Byte[] bytes)
   at AEPLCore.Logging.LogUpdater.SelectedLogUpdate(String[] keyList, Hierarchy repo, HashSet`1 deletedLoggerList)
[Date:2020-11-20 16:15:38,935] [ThreadId:39] [HostName:user1043] [Host:(null)] [ClientIP:(null)] [Browser:(null)] [UserAgent:(null)] [PhysicalPath:(null)] [Url:(null)] [QueryString:(null)] [Referrer:(null)] [AEPLCore.Logging.LogUpdater] Array cannot be null. (Parameter 'bytes')
System.ArgumentNullException: Array cannot be null. (Parameter 'bytes')
   at System.Text.Encoding.GetString(Byte[] bytes)
   at AEPLCore.Logging.LogUpdater.SelectedLogUpdate(String[] keyList, Hierarchy repo, HashSet`1 deletedLoggerList)
[Date:2020-11-20 16:20:39,150] [ThreadId:39] [HostName:user1043] [Host:(null)] [ClientIP:(null)] [Browser:(null)] [UserAgent:(null)] [PhysicalPath:(null)] [Url:(null)] [QueryString:(null)] [Referrer:(null)] [AEPLCore.Logging.LogUpdater] Array cannot be null. (Parameter 'bytes')
System.ArgumentNullException: Array cannot be null. (Parameter 'bytes')
   at System.Text.Encoding.GetString(Byte[] bytes)
   at AEPLCore.Logging.LogUpdater.SelectedLogUpdate(String[] keyList, Hierarchy repo, HashSet`1 deletedLoggerList)
[Date:2020-11-20 16:25:39,380] [ThreadId:39] [HostName:user1043] [Host:(null)] [ClientIP:(null)] [Browser:(null)] [UserAgent:(null)] [PhysicalPath:(null)] [Url:(null)] [QueryString:(null)] [Referrer:(null)] [AEPLCore.Logging.LogUpdater] Array cannot be null. (Parameter 'bytes')
System.ArgumentNullException: Array cannot be null. (Parameter 'bytes')
   at System.Text.Encoding.GetString(Byte[] bytes)
   at AEPLCore.Logging.LogUpdater.SelectedLogUpdate(String[] keyList, Hierarchy repo, HashSet`1 deletedLoggerList)
[Date:2020-11-20 16:30:39,568] [ThreadId:39] [HostName:user1043] [Host:(null)] [ClientIP:(null)] [Browser:(null)] [UserAgent:(null)] [PhysicalPath:(null)] [Url:(null)] [QueryString:(null)] [Referrer:(null)] [AEPLCore.Logging.LogUpdater] Array cannot be null. (Parameter 'bytes')
System.ArgumentNullException: Array cannot be null. (Parameter 'bytes')
   at System.Text.Encoding.GetString(Byte[] bytes)
   at AEPLCore.Logging.LogUpdater.SelectedLogUpdate(String[] keyList, Hierarchy repo, HashSet`1 deletedLoggerList)
[Date:2020-11-20 16:35:39,771] [ThreadId:39] [HostName:user1043] [Host:(null)] [ClientIP:(null)] [Browser:(null)] [UserAgent:(null)] [PhysicalPath:(null)] [Url:(null)] [QueryString:(null)] [Referrer:(null)] [AEPLCore.Logging.LogUpdater] Array cannot be null. (Parameter 'bytes')
System.ArgumentNullException: Array cannot be null. (Parameter 'bytes')
   at System.Text.Encoding.GetString(Byte[] bytes)
   at AEPLCore.Logging.LogUpdater.SelectedLogUpdate(String[] keyList, Hierarchy repo, HashSet`1 deletedLoggerList)
[Date:2020-11-20 16:40:39,986] [ThreadId:39] [HostName:user1043] [Host:(null)] [ClientIP:(null)] [Browser:(null)] [UserAgent:(null)] [PhysicalPath:(null)] [Url:(null)] [QueryString:(null)] [Referrer:(null)] [AEPLCore.Logging.LogUpdater] Array cannot be null. (Parameter 'bytes')
System.ArgumentNullException: Array cannot be null. (Parameter 'bytes')
   at System.Text.Encoding.GetString(Byte[] bytes)
   at AEPLCore.Logging.LogUpdater.SelectedLogUpdate(String[] keyList, Hierarchy repo, HashSet`1 deletedLoggerList)
[Date:2020-11-20 16:45:40,349] [ThreadId:39] [HostName:user1043] [Host:(null)] [ClientIP:(null)] [Browser:(null)] [UserAgent:(null)] [PhysicalPath:(null)] [Url:(null)] [QueryString:(null)] [Referrer:(null)] [AEPLCore.Logging.LogUpdater] Array cannot be null. (Parameter 'bytes')
System.ArgumentNullException: Array cannot be null. (Parameter 'bytes')
   at System.Text.Encoding.GetString(Byte[] bytes)
   at AEPLCore.Logging.LogUpdater.SelectedLogUpdate(String[] keyList, Hierarchy repo, HashSet`1 deletedLoggerList)
[Date:2020-11-20 16:50:40,723] [ThreadId:39] [HostName:user1043] [Host:(null)] [ClientIP:(null)] [Browser:(null)] [UserAgent:(null)] [PhysicalPath:(null)] [Url:(null)] [QueryString:(null)] [Referrer:(null)] [AEPLCore.Logging.LogUpdater] Array cannot be null. (Parameter 'bytes')
System.ArgumentNullException: Array cannot be null. (Parameter 'bytes')
   at System.Text.Encoding.GetString(Byte[] bytes)
   at AEPLCore.Logging.LogUpdater.SelectedLogUpdate(String[] keyList, Hierarchy repo, HashSet`1 deletedLoggerList)
[Date:2020-11-20 16:55:40,996] [ThreadId:39] [HostName:user1043] [Host:(null)] [ClientIP:(null)] [Browser:(null)] [UserAgent:(null)] [PhysicalPath:(null)] [Url:(null)] [QueryString:(null)] [Referrer:(null)] [AEPLCore.Logging.LogUpdater] Array cannot be null. (Parameter 'bytes')
System.ArgumentNullException: Array cannot be null. (Parameter 'bytes')
   at System.Text.Encoding.GetString(Byte[] bytes)
   at AEPLCore.Logging.LogUpdater.SelectedLogUpdate(String[] keyList, Hierarchy repo, HashSet`1 deletedLoggerList)
[Date:2020-11-20 17:00:41,238] [ThreadId:39] [HostName:user1043] [Host:(null)] [ClientIP:(null)] [Browser:(null)] [UserAgent:(null)] [PhysicalPath:(null)] [Url:(null)] [QueryString:(null)] [Referrer:(null)] [AEPLCore.Logging.LogUpdater] Array cannot be null. (Parameter 'bytes')
System.ArgumentNullException: Array cannot be null. (Parameter 'bytes')
   at System.Text.Encoding.GetString(Byte[] bytes)
   at AEPLCore.Logging.LogUpdater.SelectedLogUpdate(String[] keyList, Hierarchy repo, HashSet`1 deletedLoggerList)
[Date:2020-11-20 17:05:41,457] [ThreadId:39] [HostName:user1043] [Host:(null)] [ClientIP:(null)] [Browser:(null)] [UserAgent:(null)] [PhysicalPath:(null)] [Url:(null)] [QueryString:(null)] [Referrer:(null)] [AEPLCore.Logging.LogUpdater] Array cannot be null. (Parameter 'bytes')
System.ArgumentNullException: Array cannot be null. (Parameter 'bytes')
   at System.Text.Encoding.GetString(Byte[] bytes)
   at AEPLCore.Logging.LogUpdater.SelectedLogUpdate(String[] keyList, Hierarchy repo, HashSet`1 deletedLoggerList)
[Date:2020-11-20 17:10:41,693] [ThreadId:39] [HostName:user1043] [Host:(null)] [ClientIP:(null)] [Browser:(null)] [UserAgent:(null)] [PhysicalPath:(null)] [Url:(null)] [QueryString:(null)] [Referrer:(null)] [AEPLCore.Logging.LogUpdater] Array cannot be null. (Parameter 'bytes')
System.ArgumentNullException: Array cannot be null. (Parameter 'bytes')
   at System.Text.Encoding.GetString(Byte[] bytes)
   at AEPLCore.Logging.LogUpdater.SelectedLogUpdate(String[] keyList, Hierarchy repo, HashSet`1 deletedLoggerList)
[Date:2020-11-20 17:15:41,933] [ThreadId:39] [HostName:user1043] [Host:(null)] [ClientIP:(null)] [Browser:(null)] [UserAgent:(null)] [PhysicalPath:(null)] [Url:(null)] [QueryString:(null)] [Referrer:(null)] [AEPLCore.Logging.LogUpdater] Array cannot be null. (Parameter 'bytes')
System.ArgumentNullException: Array cannot be null. (Parameter 'bytes')
   at System.Text.Encoding.GetString(Byte[] bytes)
   at AEPLCore.Logging.LogUpdater.SelectedLogUpdate(String[] keyList, Hierarchy repo, HashSet`1 deletedLoggerList)
[Date:2020-11-20 17:20:42,129] [ThreadId:39] [HostName:user1043] [Host:(null)] [ClientIP:(null)] [Browser:(null)] [UserAgent:(null)] [PhysicalPath:(null)] [Url:(null)] [QueryString:(null)] [Referrer:(null)] [AEPLCore.Logging.LogUpdater] Array cannot be null. (Parameter 'bytes')
System.ArgumentNullException: Array cannot be null. (Parameter 'bytes')
   at System.Text.Encoding.GetString(Byte[] bytes)
   at AEPLCore.Logging.LogUpdater.SelectedLogUpdate(String[] keyList, Hierarchy repo, HashSet`1 deletedLoggerList)
[Date:2020-11-20 17:25:42,342] [ThreadId:39] [HostName:user1043] [Host:(null)] [ClientIP:(null)] [Browser:(null)] [UserAgent:(null)] [PhysicalPath:(null)] [Url:(null)] [QueryString:(null)] [Referrer:(null)] [AEPLCore.Logging.LogUpdater] Array cannot be null. (Parameter 'bytes')
System.ArgumentNullException: Array cannot be null. (Parameter 'bytes')
   at System.Text.Encoding.GetString(Byte[] bytes)
   at AEPLCore.Logging.LogUpdater.SelectedLogUpdate(String[] keyList, Hierarchy repo, HashSet`1 deletedLoggerList)
[Date:2020-11-20 17:30:42,530] [ThreadId:39] [HostName:user1043] [Host:(null)] [ClientIP:(null)] [Browser:(null)] [UserAgent:(null)] [PhysicalPath:(null)] [Url:(null)] [QueryString:(null)] [Referrer:(null)] [AEPLCore.Logging.LogUpdater] Array cannot be null. (Parameter 'bytes')
System.ArgumentNullException: Array cannot be null. (Parameter 'bytes')
   at System.Text.Encoding.GetString(Byte[] bytes)
   at AEPLCore.Logging.LogUpdater.SelectedLogUpdate(String[] keyList, Hierarchy repo, HashSet`1 deletedLoggerList)
